The data is total 0
drwxr-xr-x  976 root  wheel    31K  4 13 10:39 bin
drwxr-xr-x  263 root  wheel   8.2K  3 27 11:48 include
drwxr-xr-x  310 root  wheel   9.7K  3 27 11:49 lib
drwxr-xr-x  234 root  wheel   7.3K  4 13 10:39 libexec
drwxr-xr-x   15 root  wheel   480B  4  4 14:17 local
drwxr-xr-x  247 root  wheel   7.7K  2  7 15:48 sbin
drwxr-xr-x   46 root  wheel   1.4K  3 27 11:49 share
drwxr-xr-x    5 root  wheel   160B 12  2  2017 standalone

The exit code is 0
The data is total 0
drwxr-xr-x  976 root  wheel    31K  4 13 10:39 bin
drwxr-xr-x  263 root  wheel   8.2K  3 27 11:48 include
drwxr-xr-x  310 root  wheel   9.7K  3 27 11:49 lib
drwxr-xr-x  234 root  wheel   7.3K  4 13 10:39 libexec
drwxr-xr-x   15 root  wheel   480B  4  4 14:17 local
drwxr-xr-x  247 root  wheel   7.7K  2  7 15:48 sbin
drwxr-xr-x   46 root  wheel   1.4K  3 27 11:49 share
drwxr-xr-x    5 root  wheel   160B 12  2  2017 standalone

The exit code is 0
The data is total 0
drwxr-xr-x  976 root  wheel    31K  4 13 10:39 bin
drwxr-xr-x  263 root  wheel   8.2K  3 27 11:48 include
drwxr-xr-x  310 root  wheel   9.7K  3 27 11:49 lib
drwxr-xr-x  234 root  wheel   7.3K  4 13 10:39 libexec
drwxr-xr-x   15 root  wheel   480B  4  4 14:17 local
drwxr-xr-x  247 root  wheel   7.7K  2  7 15:48 sbin
drwxr-xr-x   46 root  wheel   1.4K  3 27 11:49 share
drwxr-xr-x    5 root  wheel   160B 12  2  2017 standalone

The exit code is 0
